0 info it worked if it ends with ok
1 verbose cli [ '/usr/local/bin/iojs', '/usr/local/bin/npm', 'start' ]
2 info using npm@2.7.0
3 info using node@v1.5.1
4 verbose stack Error: Failed to parse json
4 verbose stack Unexpected string
4 verbose stack     at parseError (/usr/local/lib/node_modules/npm/node_modules/read-package-json/read-json.js:405:25)
4 verbose stack     at parseJson (/usr/local/lib/node_modules/npm/node_modules/read-package-json/read-json.js:85:51)
4 verbose stack     at /usr/local/lib/node_modules/npm/node_modules/read-package-json/read-json.js:59:33
4 verbose stack     at FSReqWrap.readFileAfterClose [as oncomplete] (evalmachine.<anonymous>:379:3)
5 verbose cwd /app
6 error Linux 3.16.7-tinycore64
7 error argv "/usr/local/bin/iojs" "/usr/local/bin/npm" "start"
8 error node v1.5.1
9 error npm  v2.7.0
10 error file /app/package.json
11 error code EJSONPARSE
12 error Failed to parse json
12 error Unexpected string
13 error File: /app/package.json
14 error Failed to parse package.json data.
14 error package.json must be actual JSON, not just JavaScript.
14 error
14 error This is not a bug in npm.
14 error Tell the package author to fix their package.json file. JSON.parse
15 verbose exit [ 1, true ]
